2023-03-29T14:44:36+00:00 CRITICAL Uncaught Error: Call to a member function get_instance_option_key() on bool in /home/bazardot/fshop.jokeit.io/wp-content/plugins/woocommerce/includes/class-wc-ajax.php:2963
Stack trace:
#0 /home/bazardot/fshop.jokeit.io/wp-includes/class-wp-hook.php(308): WC_AJAX::shipping_zone_methods_save_changes('')
#1 /home/bazardot/fshop.jokeit.io/wp-includes/class-wp-hook.php(332): WP_Hook->apply_filters(NULL, Array)
#2 /home/bazardot/fshop.jokeit.io/wp-includes/plugin.php(517): WP_Hook->do_action(Array)
#3 /home/bazardot/fshop.jokeit.io/wp-admin/admin-ajax.php(188): do_action('wp_ajax_woocomm...')
#4 {main}
  thrown in /home/bazardot/fshop.jokeit.io/wp-content/plugins/woocommerce/includes/class-wc-ajax.php on line 2963

2023-03-29T17:29:06+00:00 CRITICAL Uncaught Error: Call to undefined method Courier_Shipping_Method::parent() in /home/bazardot/fshop.jokeit.io/wp-content/plugins/courier-shipping/includes/courier-shipping-method.php:33
Stack trace:
#0 /home/bazardot/fshop.jokeit.io/wp-content/plugins/courier-shipping/includes/courier-shipping-method.php(25): Courier_Shipping_Method->init_instance_settings()
#1 /home/bazardot/fshop.jokeit.io/wp-content/plugins/courier-shipping/includes/courier-shipping-method.php(18): Courier_Shipping_Method->init()
#2 /home/bazardot/fshop.jokeit.io/wp-content/plugins/woocommerce/includes/class-wc-shipping-zone.php(185): Courier_Shipping_Method->__construct('12')
#3 /home/bazardot/fshop.jokeit.io/wp-content/plugins/woocommerce/includes/class-wc-shipping-zones.php(36): WC_Shipping_Zone->get_shipping_methods(false, 'admin')
#4 /home/bazardot/fshop.jokeit.io/wp-content/plugins/woocommerce/packages/woocommerce-blocks/src/Shipping/ShippingController.php(199): WC_Shipping_Zones::get_zones('admin')
#5 /home/bazardot/fshop.jokeit.io/w in /home/bazardot/fshop.jokeit.io/wp-content/plugins/courier-shipping/includes/courier-shipping-method.php on line 33

2023-03-29T17:40:02+00:00 CRITICAL Uncaught TypeError: Argument 1 passed to Google_Maps_Distance::__construct() must be of the type string, null given, called in /home/bazardot/fshop.jokeit.io/wp-content/plugins/courier-shipping/includes/courier-shipping-method.php on line 56 and defined in /home/bazardot/fshop.jokeit.io/wp-content/plugins/courier-shipping/includes/google-maps-distance.php:9
Stack trace:
#0 /home/bazardot/fshop.jokeit.io/wp-content/plugins/courier-shipping/includes/courier-shipping-method.php(56): Google_Maps_Distance->__construct(NULL)
#1 /home/bazardot/fshop.jokeit.io/wp-content/plugins/courier-shipping/includes/courier-shipping-method.php(44): Courier_Shipping_Method->distance(Array)
#2 /home/bazardot/fshop.jokeit.io/wp-content/plugins/woocommerce/includes/abstracts/abstract-wc-shipping-method.php(233): Courier_Shipping_Method->calculate_shipping(Array)
#3 /home/bazardot/fshop.jokeit.io/wp-content/plugins/woocommerce/includes/class-wc-shipping.php(348): WC_Shipping_Method->get_rates_for_package(Array)
#4 /home/bazardot/fsho in /home/bazardot/fshop.jokeit.io/wp-content/plugins/courier-shipping/includes/google-maps-distance.php on line 9

2023-03-29T17:40:08+00:00 CRITICAL Uncaught TypeError: Argument 1 passed to Google_Maps_Distance::__construct() must be of the type string, null given, called in /home/bazardot/fshop.jokeit.io/wp-content/plugins/courier-shipping/includes/courier-shipping-method.php on line 56 and defined in /home/bazardot/fshop.jokeit.io/wp-content/plugins/courier-shipping/includes/google-maps-distance.php:9
Stack trace:
#0 /home/bazardot/fshop.jokeit.io/wp-content/plugins/courier-shipping/includes/courier-shipping-method.php(56): Google_Maps_Distance->__construct(NULL)
#1 /home/bazardot/fshop.jokeit.io/wp-content/plugins/courier-shipping/includes/courier-shipping-method.php(44): Courier_Shipping_Method->distance(Array)
#2 /home/bazardot/fshop.jokeit.io/wp-content/plugins/woocommerce/includes/abstracts/abstract-wc-shipping-method.php(233): Courier_Shipping_Method->calculate_shipping(Array)
#3 /home/bazardot/fshop.jokeit.io/wp-content/plugins/woocommerce/includes/class-wc-shipping.php(348): WC_Shipping_Method->get_rates_for_package(Array)
#4 /home/bazardot/fsho in /home/bazardot/fshop.jokeit.io/wp-content/plugins/courier-shipping/includes/google-maps-distance.php on line 9

2023-03-29T17:40:19+00:00 CRITICAL Uncaught TypeError: Argument 1 passed to Google_Maps_Distance::__construct() must be of the type string, null given, called in /home/bazardot/fshop.jokeit.io/wp-content/plugins/courier-shipping/includes/courier-shipping-method.php on line 56 and defined in /home/bazardot/fshop.jokeit.io/wp-content/plugins/courier-shipping/includes/google-maps-distance.php:9
Stack trace:
#0 /home/bazardot/fshop.jokeit.io/wp-content/plugins/courier-shipping/includes/courier-shipping-method.php(56): Google_Maps_Distance->__construct(NULL)
#1 /home/bazardot/fshop.jokeit.io/wp-content/plugins/courier-shipping/includes/courier-shipping-method.php(44): Courier_Shipping_Method->distance(Array)
#2 /home/bazardot/fshop.jokeit.io/wp-content/plugins/woocommerce/includes/abstracts/abstract-wc-shipping-method.php(233): Courier_Shipping_Method->calculate_shipping(Array)
#3 /home/bazardot/fshop.jokeit.io/wp-content/plugins/woocommerce/includes/class-wc-shipping.php(348): WC_Shipping_Method->get_rates_for_package(Array)
#4 /home/bazardot/fsho in /home/bazardot/fshop.jokeit.io/wp-content/plugins/courier-shipping/includes/google-maps-distance.php on line 9

2023-03-29T17:40:24+00:00 CRITICAL Uncaught TypeError: Argument 1 passed to Google_Maps_Distance::__construct() must be of the type string, null given, called in /home/bazardot/fshop.jokeit.io/wp-content/plugins/courier-shipping/includes/courier-shipping-method.php on line 56 and defined in /home/bazardot/fshop.jokeit.io/wp-content/plugins/courier-shipping/includes/google-maps-distance.php:9
Stack trace:
#0 /home/bazardot/fshop.jokeit.io/wp-content/plugins/courier-shipping/includes/courier-shipping-method.php(56): Google_Maps_Distance->__construct(NULL)
#1 /home/bazardot/fshop.jokeit.io/wp-content/plugins/courier-shipping/includes/courier-shipping-method.php(44): Courier_Shipping_Method->distance(Array)
#2 /home/bazardot/fshop.jokeit.io/wp-content/plugins/woocommerce/includes/abstracts/abstract-wc-shipping-method.php(233): Courier_Shipping_Method->calculate_shipping(Array)
#3 /home/bazardot/fshop.jokeit.io/wp-content/plugins/woocommerce/includes/class-wc-shipping.php(348): WC_Shipping_Method->get_rates_for_package(Array)
#4 /home/bazardot/fsho in /home/bazardot/fshop.jokeit.io/wp-content/plugins/courier-shipping/includes/google-maps-distance.php on line 9

2023-03-29T17:40:25+00:00 CRITICAL Uncaught TypeError: Argument 1 passed to Google_Maps_Distance::__construct() must be of the type string, null given, called in /home/bazardot/fshop.jokeit.io/wp-content/plugins/courier-shipping/includes/courier-shipping-method.php on line 56 and defined in /home/bazardot/fshop.jokeit.io/wp-content/plugins/courier-shipping/includes/google-maps-distance.php:9
Stack trace:
#0 /home/bazardot/fshop.jokeit.io/wp-content/plugins/courier-shipping/includes/courier-shipping-method.php(56): Google_Maps_Distance->__construct(NULL)
#1 /home/bazardot/fshop.jokeit.io/wp-content/plugins/courier-shipping/includes/courier-shipping-method.php(44): Courier_Shipping_Method->distance(Array)
#2 /home/bazardot/fshop.jokeit.io/wp-content/plugins/woocommerce/includes/abstracts/abstract-wc-shipping-method.php(233): Courier_Shipping_Method->calculate_shipping(Array)
#3 /home/bazardot/fshop.jokeit.io/wp-content/plugins/woocommerce/includes/class-wc-shipping.php(348): WC_Shipping_Method->get_rates_for_package(Array)
#4 /home/bazardot/fsho in /home/bazardot/fshop.jokeit.io/wp-content/plugins/courier-shipping/includes/google-maps-distance.php on line 9

2023-03-29T17:40:34+00:00 CRITICAL Uncaught TypeError: Argument 1 passed to Google_Maps_Distance::__construct() must be of the type string, null given, called in /home/bazardot/fshop.jokeit.io/wp-content/plugins/courier-shipping/includes/courier-shipping-method.php on line 56 and defined in /home/bazardot/fshop.jokeit.io/wp-content/plugins/courier-shipping/includes/google-maps-distance.php:9
Stack trace:
#0 /home/bazardot/fshop.jokeit.io/wp-content/plugins/courier-shipping/includes/courier-shipping-method.php(56): Google_Maps_Distance->__construct(NULL)
#1 /home/bazardot/fshop.jokeit.io/wp-content/plugins/courier-shipping/includes/courier-shipping-method.php(44): Courier_Shipping_Method->distance(Array)
#2 /home/bazardot/fshop.jokeit.io/wp-content/plugins/woocommerce/includes/abstracts/abstract-wc-shipping-method.php(233): Courier_Shipping_Method->calculate_shipping(Array)
#3 /home/bazardot/fshop.jokeit.io/wp-content/plugins/woocommerce/includes/class-wc-shipping.php(348): WC_Shipping_Method->get_rates_for_package(Array)
#4 /home/bazardot/fsho in /home/bazardot/fshop.jokeit.io/wp-content/plugins/courier-shipping/includes/google-maps-distance.php on line 9

2023-03-29T17:40:39+00:00 CRITICAL Uncaught TypeError: Argument 1 passed to Google_Maps_Distance::__construct() must be of the type string, null given, called in /home/bazardot/fshop.jokeit.io/wp-content/plugins/courier-shipping/includes/courier-shipping-method.php on line 56 and defined in /home/bazardot/fshop.jokeit.io/wp-content/plugins/courier-shipping/includes/google-maps-distance.php:9
Stack trace:
#0 /home/bazardot/fshop.jokeit.io/wp-content/plugins/courier-shipping/includes/courier-shipping-method.php(56): Google_Maps_Distance->__construct(NULL)
#1 /home/bazardot/fshop.jokeit.io/wp-content/plugins/courier-shipping/includes/courier-shipping-method.php(44): Courier_Shipping_Method->distance(Array)
#2 /home/bazardot/fshop.jokeit.io/wp-content/plugins/woocommerce/includes/abstracts/abstract-wc-shipping-method.php(233): Courier_Shipping_Method->calculate_shipping(Array)
#3 /home/bazardot/fshop.jokeit.io/wp-content/plugins/woocommerce/includes/class-wc-shipping.php(348): WC_Shipping_Method->get_rates_for_package(Array)
#4 /home/bazardot/fsho in /home/bazardot/fshop.jokeit.io/wp-content/plugins/courier-shipping/includes/google-maps-distance.php on line 9

2023-03-29T17:42:27+00:00 CRITICAL Uncaught TypeError: Argument 1 passed to Google_Maps_Distance::__construct() must be of the type string, null given, called in /home/bazardot/fshop.jokeit.io/wp-content/plugins/courier-shipping/includes/courier-shipping-method.php on line 57 and defined in /home/bazardot/fshop.jokeit.io/wp-content/plugins/courier-shipping/includes/google-maps-distance.php:9
Stack trace:
#0 /home/bazardot/fshop.jokeit.io/wp-content/plugins/courier-shipping/includes/courier-shipping-method.php(57): Google_Maps_Distance->__construct(NULL)
#1 /home/bazardot/fshop.jokeit.io/wp-content/plugins/courier-shipping/includes/courier-shipping-method.php(45): Courier_Shipping_Method->distance(Array)
#2 /home/bazardot/fshop.jokeit.io/wp-content/plugins/woocommerce/includes/abstracts/abstract-wc-shipping-method.php(233): Courier_Shipping_Method->calculate_shipping(Array)
#3 /home/bazardot/fshop.jokeit.io/wp-content/plugins/woocommerce/includes/class-wc-shipping.php(348): WC_Shipping_Method->get_rates_for_package(Array)
#4 /home/bazardot/fsho in /home/bazardot/fshop.jokeit.io/wp-content/plugins/courier-shipping/includes/google-maps-distance.php on line 9

2023-03-29T19:59:40+00:00 CRITICAL Uncaught ArgumentCountError: Too few arguments to function Courier_Shipping_Method::{closure}(), 1 passed and exactly 2 expected in /home/bazardot/fshop.jokeit.io/wp-content/plugins/courier-shipping/includes/courier-shipping-method.php:90
Stack trace:
#0 [internal function]: Courier_Shipping_Method->{closure}('AIzaSyBy2rrPKOc...')
#1 /home/bazardot/fshop.jokeit.io/wp-content/plugins/courier-shipping/includes/courier-shipping-method.php(90): array_map(Object(Closure), Array)
#2 /home/bazardot/fshop.jokeit.io/wp-content/plugins/courier-shipping/includes/courier-shipping-method.php(70): Courier_Shipping_Method->shipping_price(9)
#3 /home/bazardot/fshop.jokeit.io/wp-content/plugins/woocommerce/includes/abstracts/abstract-wc-shipping-method.php(233): Courier_Shipping_Method->calculate_shipping(Array)
#4 /home/bazardot/fshop.jokeit.io/wp-content/plugins/woocommerce/includes/class-wc-shipping.php(348): WC_Shipping_Method->get_rates_for_package(Array)
#5 /home/bazardot/fshop.jokeit.io/wp-content/plugins/woocommerce/i in /home/bazardot/fshop.jokeit.io/wp-content/plugins/courier-shipping/includes/courier-shipping-method.php on line 90

2023-03-29T22:33:03+00:00 CRITICAL Uncaught Error: Call to undefined method Courier_Shipping_Method::define_hooks() in /home/bazardot/fshop.jokeit.io/wp-content/plugins/courier-shipping/includes/courier-shipping-method.php:19
Stack trace:
#0 /home/bazardot/fshop.jokeit.io/wp-content/plugins/woocommerce/includes/class-wc-shipping-zone.php(185): Courier_Shipping_Method->__construct('12')
#1 /home/bazardot/fshop.jokeit.io/wp-content/plugins/woocommerce/includes/class-wc-shipping-zones.php(36): WC_Shipping_Zone->get_shipping_methods(false, 'admin')
#2 /home/bazardot/fshop.jokeit.io/wp-content/plugins/woocommerce/packages/woocommerce-blocks/src/Shipping/ShippingController.php(199): WC_Shipping_Zones::get_zones('admin')
#3 /home/bazardot/fshop.jokeit.io/wp-includes/class-wp-hook.php(308): Automattic\WooCommerce\Blocks\Shipping\ShippingController->hydrate_client_settings('woocommerce_pag...')
#4 /home/bazardot/fshop.jokeit.io/wp-includes/class-wp-hook.php(332): WP_Hook->apply_filters(NULL, Array)
#5 /home/bazardot/fshop.jokeit.io/wp-includes/plugin.p in /home/bazardot/fshop.jokeit.io/wp-content/plugins/courier-shipping/includes/courier-shipping-method.php on line 19

